2026-02-26 20:07:03.473113 INFO::Writing function arguments to log file
2026-02-26 20:07:03.475074 DEBUG::Function arguments
2026-02-26 20:07:03.475599 DEBUG::Output folder: C:/Users/qqwxp/OneDrive/Work/银屑病/宏基因组横断面分析/Manuscript/2024后版本/Manuscript_v12_Journal_of_Translational_Medicine/Feedback_2nd/CodeAvailiable/outputs/alpha_diversity/Maaslin/98Pso_vs_17Con
2026-02-26 20:07:03.47634 DEBUG::Min Abundance: 0.000000
2026-02-26 20:07:03.47692 DEBUG::Min Prevalence: 0.100000
2026-02-26 20:07:03.477502 DEBUG::Normalization: NONE
2026-02-26 20:07:03.478014 DEBUG::Transform: NONE
2026-02-26 20:07:03.478527 DEBUG::Analysis method: LM
2026-02-26 20:07:03.479025 DEBUG::Max significance: 0.050000
2026-02-26 20:07:03.480962 DEBUG::Random effects:
2026-02-26 20:07:03.481754 DEBUG::Fixed effects: Gender,BMI,Group
2026-02-26 20:07:03.48222 DEBUG::Correction method: BH
2026-02-26 20:07:03.48272 DEBUG::Standardize: FALSE
2026-02-26 20:07:03.483171 DEBUG::Cores: 8
2026-02-26 20:07:03.483615 INFO::Verifying options selected are valid
2026-02-26 20:07:03.484745 INFO::Determining format of input files
2026-02-26 20:07:03.485855 INFO::Input format is data samples as rows and metadata samples as rows
2026-02-26 20:07:03.487491 DEBUG::The following samples were found to have features but no metadata. They will be removed. Control.A01,Control.A02,Control.A03,Control.A04,Control.A05,Control.A06,Control.A07,Control.A08,Control.A09,Control.A10,Control.A11,Control.A12,Control.A13,Control.A14,Control.A15,Control.A16,Control.A17,Control.A18,Control.A19,Control.A20,Control.A21,Control.A22,Control.A23,Control.A24,Control.A25,Control.A26,Control.A27,Control.A28
2026-02-26 20:07:03.488131 DEBUG::A total of 115 samples were found in both the data and metadata
2026-02-26 20:07:03.48857 DEBUG::Reordering data/metadata to use same sample ordering
2026-02-26 20:07:03.489759 INFO::Formula for fixed effects: expr ~  Gender + BMI + Group
2026-02-26 20:07:03.491079 INFO::Factor detected for categorial metadata 'Gender'. Provide a reference argument or manually set factor ordering to change reference level.
2026-02-26 20:07:03.492335 INFO::Factor detected for categorial metadata 'Group'. Provide a reference argument or manually set factor ordering to change reference level.
2026-02-26 20:07:03.493504 INFO::Filter data based on min abundance and min prevalence
2026-02-26 20:07:03.49429 INFO::Total samples in data: 115
2026-02-26 20:07:03.495044 INFO::Min samples required with min abundance for a feature not to be filtered: 11.500000
2026-02-26 20:07:03.495888 INFO::Total filtered features: 0
2026-02-26 20:07:03.496646 INFO::Filtered feature names from abundance and prevalence filtering:
2026-02-26 20:07:03.497476 INFO::Total filtered features with variance filtering: 0
2026-02-26 20:07:03.498136 INFO::Filtered feature names from variance filtering:
2026-02-26 20:07:03.498799 INFO::Running selected normalization method: NONE
2026-02-26 20:07:03.499449 INFO::Bypass z-score application to metadata
2026-02-26 20:07:03.500162 INFO::Running selected transform method: NONE
2026-02-26 20:07:03.500901 INFO::Running selected analysis method: LM
2026-02-26 20:07:03.501722 INFO::Creating cluster of 8 R processes
2026-02-26 20:07:04.200205 INFO::Counting total values for each feature
2026-02-26 20:07:04.202952 INFO::Writing filtered data to file C:/Users/qqwxp/OneDrive/Work/银屑病/宏基因组横断面分析/Manuscript/2024后版本/Manuscript_v12_Journal_of_Translational_Medicine/Feedback_2nd/CodeAvailiable/outputs/alpha_diversity/Maaslin/98Pso_vs_17Con/features/filtered_data.tsv
2026-02-26 20:07:04.205695 INFO::Writing filtered, normalized data to file C:/Users/qqwxp/OneDrive/Work/银屑病/宏基因组横断面分析/Manuscript/2024后版本/Manuscript_v12_Journal_of_Translational_Medicine/Feedback_2nd/CodeAvailiable/outputs/alpha_diversity/Maaslin/98Pso_vs_17Con/features/filtered_data_norm.tsv
2026-02-26 20:07:04.207945 INFO::Writing filtered, normalized, transformed data to file C:/Users/qqwxp/OneDrive/Work/银屑病/宏基因组横断面分析/Manuscript/2024后版本/Manuscript_v12_Journal_of_Translational_Medicine/Feedback_2nd/CodeAvailiable/outputs/alpha_diversity/Maaslin/98Pso_vs_17Con/features/filtered_data_norm_transformed.tsv
2026-02-26 20:07:04.209937 WARNING::Deleting existing residuals file: C:/Users/qqwxp/OneDrive/Work/银屑病/宏基因组横断面分析/Manuscript/2024后版本/Manuscript_v12_Journal_of_Translational_Medicine/Feedback_2nd/CodeAvailiable/outputs/alpha_diversity/Maaslin/98Pso_vs_17Con/fits/residuals.rds
2026-02-26 20:07:04.211252 INFO::Writing residuals to file C:/Users/qqwxp/OneDrive/Work/银屑病/宏基因组横断面分析/Manuscript/2024后版本/Manuscript_v12_Journal_of_Translational_Medicine/Feedback_2nd/CodeAvailiable/outputs/alpha_diversity/Maaslin/98Pso_vs_17Con/fits/residuals.rds
2026-02-26 20:07:04.21296 WARNING::Deleting existing fitted file: C:/Users/qqwxp/OneDrive/Work/银屑病/宏基因组横断面分析/Manuscript/2024后版本/Manuscript_v12_Journal_of_Translational_Medicine/Feedback_2nd/CodeAvailiable/outputs/alpha_diversity/Maaslin/98Pso_vs_17Con/fits/fitted.rds
2026-02-26 20:07:04.214507 INFO::Writing fitted values to file C:/Users/qqwxp/OneDrive/Work/银屑病/宏基因组横断面分析/Manuscript/2024后版本/Manuscript_v12_Journal_of_Translational_Medicine/Feedback_2nd/CodeAvailiable/outputs/alpha_diversity/Maaslin/98Pso_vs_17Con/fits/fitted.rds
2026-02-26 20:07:04.215889 INFO::Writing all results to file (ordered by increasing q-values): C:/Users/qqwxp/OneDrive/Work/银屑病/宏基因组横断面分析/Manuscript/2024后版本/Manuscript_v12_Journal_of_Translational_Medicine/Feedback_2nd/CodeAvailiable/outputs/alpha_diversity/Maaslin/98Pso_vs_17Con/all_results.tsv
2026-02-26 20:07:04.218266 INFO::Writing the significant results (those which are less than or equal to the threshold of 0.050000 ) to file (ordered by increasing q-values): C:/Users/qqwxp/OneDrive/Work/银屑病/宏基因组横断面分析/Manuscript/2024后版本/Manuscript_v12_Journal_of_Translational_Medicine/Feedback_2nd/CodeAvailiable/outputs/alpha_diversity/Maaslin/98Pso_vs_17Con/significant_results.tsv
